<?xml version="1.0" encoding="UTF-8"?>
<!-- Generated by org.testng.reporters.JUnitReportReporter -->
<testsuite hostname="LAPTOP-5JR3081J" failures="0" tests="1" name="CuraHealthQA.HomepageTest" time="4.146" errors="0" timestamp="2024-05-11T18:16:16 IST" skipped="0">
  <testcase classname="CuraHealthQA.HomepageTest" name="CuraWebHomepageTest" time="4.146"/>
  <system-out/>
</testsuite> <!-- CuraHealthQA.HomepageTest -->
